<?xml version="1.0" encoding="UTF-8"?>
<!-- Generated by org.testng.reporters.JUnitXMLReporter -->
<testsuite ignored="0" hostname="JayPooja" failures="8" tests="16" name="Surefire test" time="22.79" errors="0" timestamp="2023-12-29T13:49:06 NZDT">
  <testcase classname="api.test.DataDrivenTests" name="testDataProvider" time="2.668">
    <failure type="java.lang.AssertionError" message="expected [200] but found [404]">
      <![CDATA[java.lang.AssertionError: expected [200] but found [404]
at api.test.DataDrivenTests.testDataProvider(DataDrivenTests.java:33)
at java.base/java.util.ArrayList.forEach(ArrayList.java:1511)
... Removed 39 stack frames]]>
    </failure>
  </testcase> <!-- testDataProvider -->
  <testcase classname="api.test.DataDrivenTests" name="testDataProvider" time="1.117">
    <failure type="java.lang.AssertionError" message="expected [200] but found [404]">
      <![CDATA[java.lang.AssertionError: expected [200] but found [404]
at api.test.DataDrivenTests.testDataProvider(DataDrivenTests.java:33)
at java.base/java.util.ArrayList.forEach(ArrayList.java:1511)
... Removed 39 stack frames]]>
    </failure>
  </testcase> <!-- testDataProvider -->
  <testcase classname="api.test.DataDrivenTests" name="testDataProvider" time="1.119">
    <failure type="java.lang.AssertionError" message="expected [200] but found [404]">
      <![CDATA[java.lang.AssertionError: expected [200] but found [404]
at api.test.DataDrivenTests.testDataProvider(DataDrivenTests.java:33)
at java.base/java.util.ArrayList.forEach(ArrayList.java:1511)
... Removed 39 stack frames]]>
    </failure>
  </testcase> <!-- testDataProvider -->
  <testcase classname="api.test.DataDrivenTests" name="testDataProvider" time="1.117">
    <failure type="java.lang.AssertionError" message="expected [200] but found [404]">
      <![CDATA[java.lang.AssertionError: expected [200] but found [404]
at api.test.DataDrivenTests.testDataProvider(DataDrivenTests.java:33)
at java.base/java.util.ArrayList.forEach(ArrayList.java:1511)
... Removed 39 stack frames]]>
    </failure>
  </testcase> <!-- testDataProvider -->
  <testcase classname="api.test.DataDrivenTests" name="testDeleteUser" time="1.16">
    <failure type="java.lang.AssertionError" message="expected [200] but found [404]">
      <![CDATA[java.lang.AssertionError: expected [200] but found [404]
at api.test.DataDrivenTests.testDeleteUser(DataDrivenTests.java:41)
at java.base/java.util.ArrayList.forEach(ArrayList.java:1511)
... Removed 39 stack frames]]>
    </failure>
  </testcase> <!-- testDeleteUser -->
  <testcase classname="api.test.DataDrivenTests" name="testDeleteUser" time="1.12">
    <failure type="java.lang.AssertionError" message="expected [200] but found [404]">
      <![CDATA[java.lang.AssertionError: expected [200] but found [404]
at api.test.DataDrivenTests.testDeleteUser(DataDrivenTests.java:41)
at java.base/java.util.ArrayList.forEach(ArrayList.java:1511)
... Removed 39 stack frames]]>
    </failure>
  </testcase> <!-- testDeleteUser -->
  <testcase classname="api.test.DataDrivenTests" name="testDeleteUser" time="1.131">
    <failure type="java.lang.AssertionError" message="expected [200] but found [404]">
      <![CDATA[java.lang.AssertionError: expected [200] but found [404]
at api.test.DataDrivenTests.testDeleteUser(DataDrivenTests.java:41)
at java.base/java.util.ArrayList.forEach(ArrayList.java:1511)
... Removed 39 stack frames]]>
    </failure>
  </testcase> <!-- testDeleteUser -->
  <testcase classname="api.test.DataDrivenTests" name="testDeleteUser" time="1.126">
    <failure type="java.lang.AssertionError" message="expected [200] but found [404]">
      <![CDATA[java.lang.AssertionError: expected [200] but found [404]
at api.test.DataDrivenTests.testDeleteUser(DataDrivenTests.java:41)
at java.base/java.util.ArrayList.forEach(ArrayList.java:1511)
... Removed 39 stack frames]]>
    </failure>
  </testcase> <!-- testDeleteUser -->
  <testcase classname="api.test.PetTests" name="testCreatePetUsingPropertiesFile" time="1.136"/>
  <testcase classname="api.test.StoreTests" name="testCreateOrder" time="1.12"/>
  <testcase classname="api.test.StoreTests" name="testGetOrder" time="1.386"/>
  <testcase classname="api.test.StoreTests" name="testDeleteOrder" time="1.113"/>
  <testcase classname="api.test.UserTests" name="testCreateUser" time="1.115"/>
  <testcase classname="api.test.UserTests" name="testGetUser" time="1.114"/>
  <testcase classname="api.test.UserTests" name="testUpdateUser" time="2.222"/>
  <testcase classname="api.test.UserTests" name="testDeleteUser" time="1.11"/>
</testsuite> <!-- Surefire test -->
