<!DOCTYPE html PUBLIC "-//W3C//DTD XHTML 1.1//EN" "https://www.w3.org/TR/xhtml11/DTD/xhtml11.dtd">
<html xmlns="https://www.w3.org/1999/xhtml">
<head>
<meta http-equiv="content-type" content="text/html; charset=UTF-8"/>
<title>TestNG Report</title>
<style type="text/css">table {margin-bottom:10px;border-collapse:collapse;empty-cells:show}th,td {border:1px solid #009;padding:.25em .5em}th {vertical-align:bottom}td {vertical-align:top}table a {font-weight:bold}.stripe td {background-color: #E6EBF9}.num {text-align:right}.passedodd td {background-color: #3F3}.passedeven td {background-color: #0A0}.skippedodd td {background-color: #DDD}.skippedeven td {background-color: #CCC}.failedodd td,.attn {background-color: #F33}.failedeven td,.stripe .attn {background-color: #D00}.stacktrace {white-space:pre;font-family:monospace}.totop {font-size:85%;text-align:center;border-bottom:2px solid #000}.invisible {display:none}</style>
</head>
<body>
<table>
<tr><th>Test</th><th># Passed</th><th># Skipped</th><th># Retried</th><th># Failed</th><th>Time (ms)</th><th>Included Groups</th><th>Excluded Groups</th></tr>
<tr><th colspan="8">Surefire suite</th></tr>
<tr><td><a href="#t0">Surefire test</a></td><td class="num">8</td><td class="num">0</td><td class="num">0</td><td class="num attn">8</td><td class="num">22,790</td><td></td><td></td></tr>
</table>
<table id='summary'><thead><tr><th>Class</th><th>Method</th><th>Start</th><th>Time (ms)</th></tr></thead><tbody><tr><th colspan="4">Surefire suite</th></tr></tbody><tbody id="t0"><tr><th colspan="4">Surefire test &#8212; failed</th></tr><tr class="failedeven"><td rowspan="8">api.test.DataDrivenTests</td><td><a href="#m0">testDataProvider</a></td><td rowspan="4">1703810925440</td><td rowspan="4">2668</td></tr><tr class="failedeven"><td><a href="#m1">testDataProvider</a></td></tr><tr class="failedeven"><td><a href="#m2">testDataProvider</a></td></tr><tr class="failedeven"><td><a href="#m3">testDataProvider</a></td></tr><tr class="failedeven"><td><a href="#m4">testDeleteUser</a></td><td rowspan="4">1703810931573</td><td rowspan="4">1160</td></tr><tr class="failedeven"><td><a href="#m5">testDeleteUser</a></td></tr><tr class="failedeven"><td><a href="#m6">testDeleteUser</a></td></tr><tr class="failedeven"><td><a href="#m7">testDeleteUser</a></td></tr><tr><th colspan="4">Surefire test &#8212; passed</th></tr><tr class="passedeven"><td rowspan="1">api.test.PetTests</td><td><a href="#m8">testCreatePetUsingPropertiesFile</a></td><td rowspan="1">1703810936250</td><td rowspan="1">1136</td></tr><tr class="passedodd"><td rowspan="3">api.test.StoreTests</td><td><a href="#m9">testCreateOrder</a></td><td rowspan="1">1703810937438</td><td rowspan="1">1120</td></tr><tr class="passedodd"><td><a href="#m10">testDeleteOrder</a></td><td rowspan="1">1703810939946</td><td rowspan="1">1113</td></tr><tr class="passedodd"><td><a href="#m11">testGetOrder</a></td><td rowspan="1">1703810938559</td><td rowspan="1">1386</td></tr><tr class="passedeven"><td rowspan="4">api.test.UserTests</td><td><a href="#m12">testCreateUser</a></td><td rowspan="1">1703810941148</td><td rowspan="1">1115</td></tr><tr class="passedeven"><td><a href="#m13">testDeleteUser</a></td><td rowspan="1">1703810945603</td><td rowspan="1">1110</td></tr><tr class="passedeven"><td><a href="#m14">testGetUser</a></td><td rowspan="1">1703810942264</td><td rowspan="1">1114</td></tr><tr class="passedeven"><td><a href="#m15">testUpdateUser</a></td><td rowspan="1">1703810943379</td><td rowspan="1">2222</td></tr></tbody>
</table>
<h2>Surefire test</h2><h3 id="m0">api.test.DataDrivenTests#testDataProvider</h3><table class="result"><tr class="param"><th>Parameter #1</th><th>Parameter #2</th><th>Parameter #3</th><th>Parameter #4</th><th>Parameter #5</th><th>Parameter #6</th><th>Parameter #7</th></tr><tr class="param stripe"><td>1111</td><td>aaaa</td><td>F1111</td><td>L1111</td><td>1111@gmail.com</td><td>1@1@1@1</td><td>1111111111</td></tr><tr><th colspan="7">Exception</th></tr><tr><td colspan="7"><div class="stacktrace">java.lang.AssertionError: expected [200] but found [404]
	at api.test.DataDrivenTests.testDataProvider(DataDrivenTests.java:33)
	at java.base/java.util.ArrayList.forEach(ArrayList.java:1511)
... Removed 39 stack frames</div></td></tr></table><p class="totop"><a href="#summary">back to summary</a></p>
<h3 id="m1">api.test.DataDrivenTests#testDataProvider</h3><table class="result"><tr class="param"><th>Parameter #1</th><th>Parameter #2</th><th>Parameter #3</th><th>Parameter #4</th><th>Parameter #5</th><th>Parameter #6</th><th>Parameter #7</th></tr><tr class="param stripe"><td>2222</td><td>bbbb</td><td>F2222</td><td>L2222</td><td>2222@gmail.com</td><td>2@2@2@2</td><td>2222222222</td></tr><tr><th colspan="7">Exception</th></tr><tr><td colspan="7"><div class="stacktrace">java.lang.AssertionError: expected [200] but found [404]
	at api.test.DataDrivenTests.testDataProvider(DataDrivenTests.java:33)
	at java.base/java.util.ArrayList.forEach(ArrayList.java:1511)
... Removed 39 stack frames</div></td></tr></table><p class="totop"><a href="#summary">back to summary</a></p>
<h3 id="m2">api.test.DataDrivenTests#testDataProvider</h3><table class="result"><tr class="param"><th>Parameter #1</th><th>Parameter #2</th><th>Parameter #3</th><th>Parameter #4</th><th>Parameter #5</th><th>Parameter #6</th><th>Parameter #7</th></tr><tr class="param stripe"><td>3333</td><td>cccc</td><td>F3333</td><td>L3333</td><td>3333@gmail.com</td><td>3@3@3@3</td><td>3333333333</td></tr><tr><th colspan="7">Exception</th></tr><tr><td colspan="7"><div class="stacktrace">java.lang.AssertionError: expected [200] but found [404]
	at api.test.DataDrivenTests.testDataProvider(DataDrivenTests.java:33)
	at java.base/java.util.ArrayList.forEach(ArrayList.java:1511)
... Removed 39 stack frames</div></td></tr></table><p class="totop"><a href="#summary">back to summary</a></p>
<h3 id="m3">api.test.DataDrivenTests#testDataProvider</h3><table class="result"><tr class="param"><th>Parameter #1</th><th>Parameter #2</th><th>Parameter #3</th><th>Parameter #4</th><th>Parameter #5</th><th>Parameter #6</th><th>Parameter #7</th></tr><tr class="param stripe"><td>4444</td><td>dddd</td><td>F4444</td><td>L4444</td><td>4444@gmail.com</td><td>4@4@4@4</td><td>4444444444</td></tr><tr><th colspan="7">Exception</th></tr><tr><td colspan="7"><div class="stacktrace">java.lang.AssertionError: expected [200] but found [404]
	at api.test.DataDrivenTests.testDataProvider(DataDrivenTests.java:33)
	at java.base/java.util.ArrayList.forEach(ArrayList.java:1511)
... Removed 39 stack frames</div></td></tr></table><p class="totop"><a href="#summary">back to summary</a></p>
<h3 id="m4">api.test.DataDrivenTests#testDeleteUser</h3><table class="result"><tr class="param"><th>Parameter #1</th></tr><tr class="param stripe"><td>aaaa</td></tr><tr><th>Exception</th></tr><tr><td><div class="stacktrace">java.lang.AssertionError: expected [200] but found [404]
	at api.test.DataDrivenTests.testDeleteUser(DataDrivenTests.java:41)
	at java.base/java.util.ArrayList.forEach(ArrayList.java:1511)
... Removed 39 stack frames</div></td></tr></table><p class="totop"><a href="#summary">back to summary</a></p>
<h3 id="m5">api.test.DataDrivenTests#testDeleteUser</h3><table class="result"><tr class="param"><th>Parameter #1</th></tr><tr class="param stripe"><td>dddd</td></tr><tr><th>Exception</th></tr><tr><td><div class="stacktrace">java.lang.AssertionError: expected [200] but found [404]
	at api.test.DataDrivenTests.testDeleteUser(DataDrivenTests.java:41)
	at java.base/java.util.ArrayList.forEach(ArrayList.java:1511)
... Removed 39 stack frames</div></td></tr></table><p class="totop"><a href="#summary">back to summary</a></p>
<h3 id="m6">api.test.DataDrivenTests#testDeleteUser</h3><table class="result"><tr class="param"><th>Parameter #1</th></tr><tr class="param stripe"><td>bbbb</td></tr><tr><th>Exception</th></tr><tr><td><div class="stacktrace">java.lang.AssertionError: expected [200] but found [404]
	at api.test.DataDrivenTests.testDeleteUser(DataDrivenTests.java:41)
	at java.base/java.util.ArrayList.forEach(ArrayList.java:1511)
... Removed 39 stack frames</div></td></tr></table><p class="totop"><a href="#summary">back to summary</a></p>
<h3 id="m7">api.test.DataDrivenTests#testDeleteUser</h3><table class="result"><tr class="param"><th>Parameter #1</th></tr><tr class="param stripe"><td>cccc</td></tr><tr><th>Exception</th></tr><tr><td><div class="stacktrace">java.lang.AssertionError: expected [200] but found [404]
	at api.test.DataDrivenTests.testDeleteUser(DataDrivenTests.java:41)
	at java.base/java.util.ArrayList.forEach(ArrayList.java:1511)
... Removed 39 stack frames</div></td></tr></table><p class="totop"><a href="#summary">back to summary</a></p>
<h3 id="m8">api.test.PetTests#testCreatePetUsingPropertiesFile</h3><table class="result"><tr><th class="invisible"/></tr></table><p class="totop"><a href="#summary">back to summary</a></p>
<h3 id="m9">api.test.StoreTests#testCreateOrder</h3><table class="result"><tr><th class="invisible"/></tr></table><p class="totop"><a href="#summary">back to summary</a></p>
<h3 id="m10">api.test.StoreTests#testDeleteOrder</h3><table class="result"><tr><th class="invisible"/></tr></table><p class="totop"><a href="#summary">back to summary</a></p>
<h3 id="m11">api.test.StoreTests#testGetOrder</h3><table class="result"><tr><th class="invisible"/></tr></table><p class="totop"><a href="#summary">back to summary</a></p>
<h3 id="m12">api.test.UserTests#testCreateUser</h3><table class="result"><tr><th class="invisible"/></tr></table><p class="totop"><a href="#summary">back to summary</a></p>
<h3 id="m13">api.test.UserTests#testDeleteUser</h3><table class="result"><tr><th class="invisible"/></tr></table><p class="totop"><a href="#summary">back to summary</a></p>
<h3 id="m14">api.test.UserTests#testGetUser</h3><table class="result"><tr><th class="invisible"/></tr></table><p class="totop"><a href="#summary">back to summary</a></p>
<h3 id="m15">api.test.UserTests#testUpdateUser</h3><table class="result"><tr><th class="invisible"/></tr></table><p class="totop"><a href="#summary">back to summary</a></p>
</body>
</html>
