<?xml version="1.0" encoding="UTF-8"?>
<!-- Generated by org.testng.reporters.JUnitXMLReporter -->
<testsuite ignored="0" hostname="JayPooja" failures="8" tests="19" name="PetTests" time="35.036" errors="0" timestamp="2023-12-27T19:10:31 NZDT">
  <testcase classname="api.test.DataDrivenTests" name="testDataProvider" time="5.406">
    <failure type="java.lang.AssertionError" message="expected [200] but found [404]">
      <![CDATA[java.lang.AssertionError: expected [200] but found [404]
at api.test.DataDrivenTests.testDataProvider(DataDrivenTests.java:33)
at java.base/java.util.ArrayList.forEach(ArrayList.java:1511)
... Removed 34 stack frames]]>
    </failure>
  </testcase> <!-- testDataProvider -->
  <testcase classname="api.test.DataDrivenTests" name="testDataProvider" time="1.234">
    <failure type="java.lang.AssertionError" message="expected [200] but found [404]">
      <![CDATA[java.lang.AssertionError: expected [200] but found [404]
at api.test.DataDrivenTests.testDataProvider(DataDrivenTests.java:33)
at java.base/java.util.ArrayList.forEach(ArrayList.java:1511)
... Removed 34 stack frames]]>
    </failure>
  </testcase> <!-- testDataProvider -->
  <testcase classname="api.test.DataDrivenTests" name="testDataProvider" time="1.158">
    <failure type="java.lang.AssertionError" message="expected [200] but found [404]">
      <![CDATA[java.lang.AssertionError: expected [200] but found [404]
at api.test.DataDrivenTests.testDataProvider(DataDrivenTests.java:33)
at java.base/java.util.ArrayList.forEach(ArrayList.java:1511)
... Removed 34 stack frames]]>
    </failure>
  </testcase> <!-- testDataProvider -->
  <testcase classname="api.test.DataDrivenTests" name="testDataProvider" time="1.16">
    <failure type="java.lang.AssertionError" message="expected [200] but found [404]">
      <![CDATA[java.lang.AssertionError: expected [200] but found [404]
at api.test.DataDrivenTests.testDataProvider(DataDrivenTests.java:33)
at java.base/java.util.ArrayList.forEach(ArrayList.java:1511)
... Removed 34 stack frames]]>
    </failure>
  </testcase> <!-- testDataProvider -->
  <testcase classname="api.test.DataDrivenTests" name="testDeleteUser" time="1.227">
    <failure type="java.lang.AssertionError" message="expected [200] but found [404]">
      <![CDATA[java.lang.AssertionError: expected [200] but found [404]
at api.test.DataDrivenTests.testDeleteUser(DataDrivenTests.java:41)
at java.base/java.util.ArrayList.forEach(ArrayList.java:1511)
... Removed 34 stack frames]]>
    </failure>
  </testcase> <!-- testDeleteUser -->
  <testcase classname="api.test.DataDrivenTests" name="testDeleteUser" time="1.136">
    <failure type="java.lang.AssertionError" message="expected [200] but found [404]">
      <![CDATA[java.lang.AssertionError: expected [200] but found [404]
at api.test.DataDrivenTests.testDeleteUser(DataDrivenTests.java:41)
at java.base/java.util.ArrayList.forEach(ArrayList.java:1511)
... Removed 34 stack frames]]>
    </failure>
  </testcase> <!-- testDeleteUser -->
  <testcase classname="api.test.DataDrivenTests" name="testDeleteUser" time="1.134">
    <failure type="java.lang.AssertionError" message="expected [200] but found [404]">
      <![CDATA[java.lang.AssertionError: expected [200] but found [404]
at api.test.DataDrivenTests.testDeleteUser(DataDrivenTests.java:41)
at java.base/java.util.ArrayList.forEach(ArrayList.java:1511)
... Removed 34 stack frames]]>
    </failure>
  </testcase> <!-- testDeleteUser -->
  <testcase classname="api.test.DataDrivenTests" name="testDeleteUser" time="1.149">
    <failure type="java.lang.AssertionError" message="expected [200] but found [404]">
      <![CDATA[java.lang.AssertionError: expected [200] but found [404]
at api.test.DataDrivenTests.testDeleteUser(DataDrivenTests.java:41)
at java.base/java.util.ArrayList.forEach(ArrayList.java:1511)
... Removed 34 stack frames]]>
    </failure>
  </testcase> <!-- testDeleteUser -->
  <testcase classname="api.test.PetTests" name="testCreatePet" time="1.162"/>
  <testcase classname="api.test.PetTests" name="testGetPet" time="1.139"/>
  <testcase classname="api.test.PetTests" name="testUpdatePet" time="1.131"/>
  <testcase classname="api.test.PetTests" name="testDeletePet" time="1.131"/>
  <testcase classname="api.test.UserTests" name="testCreateUser" time="1.167"/>
  <testcase classname="api.test.UserTests" name="testGetUser" time="1.122"/>
  <testcase classname="api.test.UserTests" name="testUpdateUser" time="2.288"/>
  <testcase classname="api.test.UserTests" name="testDeleteUser" time="1.118"/>
  <testcase classname="api.test.StoreTests" name="testCreateOrder" time="1.13"/>
  <testcase classname="api.test.StoreTests" name="testGetOrder" time="1.655"/>
  <testcase classname="api.test.StoreTests" name="testDeleteOrder" time="1.111"/>
</testsuite> <!-- PetTests -->
